[debug] [2024-05-20T03:24:09.159Z] ----------------------------------------------------------------------
[debug] [2024-05-20T03:24:09.164Z] Command:       C:\Program Files\nodejs\node.exe C:\Users\kevin\AppData\Roaming\npm\node_modules\firebase-tools\lib\bin\firebase.js init
[debug] [2024-05-20T03:24:09.164Z] CLI Version:   13.9.0
[debug] [2024-05-20T03:24:09.165Z] Platform:      win32
[debug] [2024-05-20T03:24:09.165Z] Node Version:  v20.10.0
[debug] [2024-05-20T03:24:09.165Z] Time:          Sun May 19 2024 22:24:09 GMT-0500 (hora estándar de Colombia)
[debug] [2024-05-20T03:24:09.165Z] ----------------------------------------------------------------------
[debug] 
[debug] [2024-05-20T03:24:09.300Z] > command requires scopes: ["email","openid","https://www.googleapis.com/auth/cloudplatformprojects.readonly","https://www.googleapis.com/auth/firebase","https://www.googleapis.com/auth/cloud-platform"]
[debug] [2024-05-20T03:24:09.300Z] > authorizing via signed-in user (xalysna@gmail.com)
[info] 
     ######## #### ########  ######## ########     ###     ######  ########
     ##        ##  ##     ## ##       ##     ##  ##   ##  ##       ##
     ######    ##  ########  ######   ########  #########  ######  ######
     ##        ##  ##    ##  ##       ##     ## ##     ##       ## ##
     ##       #### ##     ## ######## ########  ##     ##  ######  ########

You're about to initialize a Firebase project in this directory:

  C:\Users\kevin\Xalysna

Before we get started, keep in mind:

  * You are initializing within an existing Firebase project directory

[info] 
=== Project Setup
[info] 
[info] First, let's associate this project directory with a Firebase project.
[info] You can create multiple project aliases by running firebase use --add, 
[info] but for now we'll just set up a default project.
[info] 
[info] i  .firebaserc already has a default project, using xalysna-system. 
[debug] [2024-05-20T03:24:59.765Z] >>> [apiv2][query] GET https://firebase.googleapis.com/v1beta1/projects/xalysna-system [none]
[debug] [2024-05-20T03:25:00.277Z] <<< [apiv2][status] GET https://firebase.googleapis.com/v1beta1/projects/xalysna-system 200
[debug] [2024-05-20T03:25:00.277Z] <<< [apiv2][body] GET https://firebase.googleapis.com/v1beta1/projects/xalysna-system {"projectId":"xalysna-system","projectNumber":"260763600726","displayName":"Xalysna","name":"projects/xalysna-system","resources":{"hostingSite":"xalysna-system","realtimeDatabaseInstance":"xalysna-system-default-rtdb","storageBucket":"xalysna-system.appspot.com","locationId":"us-central"},"state":"ACTIVE","etag":"1_2b439f4d-a2ee-49b0-81fe-d28e27199834"}
[info] 
=== Hosting Setup
[debug] [2024-05-20T03:25:00.280Z] >>> [apiv2][query] GET https://firebase.googleapis.com/v1beta1/projects/xalysna-system [none]
[debug] [2024-05-20T03:25:00.577Z] <<< [apiv2][status] GET https://firebase.googleapis.com/v1beta1/projects/xalysna-system 200
[debug] [2024-05-20T03:25:00.577Z] <<< [apiv2][body] GET https://firebase.googleapis.com/v1beta1/projects/xalysna-system {"projectId":"xalysna-system","projectNumber":"260763600726","displayName":"Xalysna","name":"projects/xalysna-system","resources":{"hostingSite":"xalysna-system","realtimeDatabaseInstance":"xalysna-system-default-rtdb","storageBucket":"xalysna-system.appspot.com","locationId":"us-central"},"state":"ACTIVE","etag":"1_2b439f4d-a2ee-49b0-81fe-d28e27199834"}
[info] 
[info] Your public directory is the folder (relative to your project directory) that
[info] will contain Hosting assets to be uploaded with firebase deploy. If you
[info] have a build process for your assets, use your build's output directory.
[info] 
